#
# There is insufficient memory for the Java Runtime Environment to continue.
# Native memory allocation (mmap) failed to map 268435456 bytes for G1 virtual space
# Possible reasons:
#   The system is out of physical RAM or swap space
#   The process is running with CompressedOops enabled, and the Java Heap may be blocking the growth of the native heap
# Possible solutions:
#   Reduce memory load on the system
#   Increase physical memory or swap space
#   Check if swap backing store is full
#   Decrease Java heap size (-Xmx/-Xms)
#   Decrease number of Java threads
#   Decrease Java thread stack sizes (-Xss)
#   Set larger code cache with -XX:ReservedCodeCacheSize=
#   JVM is running with Zero Based Compressed Oops mode in which the Java heap is
#     placed in the first 32GB address space. The Java Heap base address is the
#     maximum limit for the native heap growth. Please use -XX:HeapBaseMinAddress
#     to set the Java Heap base and to place the Java Heap above 32GB virtual address.
# This output file may be truncated or incomplete.
#
#  Out of Memory Error (os_windows.cpp:3552), pid=28640, tid=28692
#
# JRE version:  (17.0.9+11) (build )
# Java VM: Java HotSpot(TM) 64-Bit Server VM (17.0.9+11-LTS-201, mixed mode, sharing, tiered, compressed oops, compressed class ptrs, g1 gc, windows-amd64)
# No core dump will be written. Minidumps are not enabled by default on client versions of Windows
#

---------------  S U M M A R Y ------------

Command Line: -Dfile.encoding=UTF-8 -Dstdout.encoding=UTF-8 -Dstderr.encoding=UTF-8 -XX:+ShowCodeDetailsInExceptionMessages artOFTesting.SampleWebPage

Host: Intel(R) Core(TM) i7-6600U CPU @ 2.60GHz, 4 cores, 15G,  Windows 11 , 64 bit Build 22621 (10.0.22621.3672)
Time: Mon Jul  8 17:42:20 2024 India Standard Time elapsed time: 0.018212 seconds (0d 0h 0m 0s)

---------------  T H R E A D  ---------------

Current thread (0x000002394969cad0):  JavaThread "Unknown thread" [_thread_in_vm, id=28692, stack(0x00000093fe500000,0x00000093fe600000)]

Stack: [0x00000093fe500000,0x00000093fe600000]
Native frames: (J=compiled Java code, j=interpreted, Vv=VM code, C=native code)
V  [jvm.dll+0x678a4a]
V  [jvm.dll+0x7d9cfd]
V  [jvm.dll+0x7db60e]
V  [jvm.dll+0x7dbc73]
V  [jvm.dll+0x245e1f]
V  [jvm.dll+0x6758f9]
V  [jvm.dll+0x66a2a2]
V  [jvm.dll+0x303686]
V  [jvm.dll+0x30ac06]
V  [jvm.dll+0x35a48e]
V  [jvm.dll+0x35a6bf]
V  [jvm.dll+0x2da678]
V  [jvm.dll+0x2db5e4]
V  [jvm.dll+0x7ab6b1]
V  [jvm.dll+0x368041]
V  [jvm.dll+0x78a749]
V  [jvm.dll+0x3ebd4f]
V  [jvm.dll+0x3ed7d1]
C  [jli.dll+0x5297]
C  [ucrtbase.dll+0x29333]
C  [KERNEL32.DLL+0x1257d]
C  [ntdll.dll+0x5af28]


---------------  P R O C E S S  ---------------

Threads class SMR info:
_java_thread_list=0x00007ff849d889d8, length=0, elements={
}

Java Threads: ( => current thread )

Other Threads:
  0x0000023949707a00 GCTaskThread "GC Thread#0" [stack: 0x00000093fe600000,0x00000093fe700000] [id=26040]
  0x0000023949718f70 ConcurrentGCThread "G1 Main Marker" [stack: 0x00000093fe700000,0x00000093fe800000] [id=28024]
  0x000002394971a990 ConcurrentGCThread "G1 Conc#0" [stack: 0x00000093fe800000,0x00000093fe900000] [id=15640]

[error occurred during error reporting (printing all threads), id 0xc0000005, EXCEPTION_ACCESS_VIOLATION (0xc0000005) at pc=0x00007ff8495bb2d7]

VM state: not at safepoint (not fully initialized)

VM Mutex/Monitor currently owned by a thread:  ([mutex/lock_event])
[0x00000239496993a0] Heap_lock - owner thread: 0x000002394969cad0

Heap address: 0x0000000701800000, size: 4072 MB, Compressed Oops mode: Zero based, Oop shift amount: 3

CDS archive(s) mapped at: [0x0000000000000000-0x0000000000000000-0x0000000000000000), size 0, SharedBaseAddress: 0x0000000800000000, ArchiveRelocationMode: 1.
Narrow klass base: 0x0000000000000000, Narrow klass shift: 0, Narrow klass range: 0x0

GC Precious Log:
<Empty>

Heap:
 garbage-first heap   total 0K, used 0K [0x0000000701800000, 0x0000000800000000)
  region size 2048K, 0 young (0K), 0 survivors (0K)

[error occurred during error reporting (printing heap information), id 0xc0000005, EXCEPTION_ACCESS_VIOLATION (0xc0000005) at pc=0x00007ff8499a2229]

GC Heap History (0 events):
No events

Deoptimization events (0 events):
No events

Classes unloaded (0 events):
No events

Classes redefined (0 events):
No events

Internal exceptions (0 events):
No events

VM Operations (0 events):
No events

Events (1 events):
Event: 0.013 Loaded shared library C:\Program Files\Java\jdk-17\bin\java.dll


Dynamic libraries:
0x00007ff6284d0000 - 0x00007ff6284e0000 	C:\Program Files\Java\jdk-17\bin\javaw.exe
0x00007ff897ab0000 - 0x00007ff897cc7000 	C:\Windows\SYSTEM32\ntdll.dll
0x00007ff896220000 - 0x00007ff8962e4000 	C:\Windows\System32\KERNEL32.DLL
0x00007ff8953d0000 - 0x00007ff89577c000 	C:\Windows\System32\KERNELBASE.dll
0x00007ff894de0000 - 0x00007ff894ef1000 	C:\Windows\System32\ucrtbase.dll
0x00007ff87edd0000 - 0x00007ff87ede9000 	C:\Program Files\Java\jdk-17\bin\jli.dll
0x00007ff8979a0000 - 0x00007ff897a52000 	C:\Windows\System32\ADVAPI32.dll
0x00007ff8973f0000 - 0x00007ff897497000 	C:\Windows\System32\msvcrt.dll
0x00007ff896b70000 - 0x00007ff896c1a000 	C:\Windows\System32\sechost.dll
0x00007ff895230000 - 0x00007ff895258000 	C:\Windows\System32\bcrypt.dll
0x00007ff896c20000 - 0x00007ff896d35000 	C:\Windows\System32\RPCRT4.dll
0x00007ff8971d0000 - 0x00007ff89737e000 	C:\Windows\System32\USER32.dll
0x00007ff894fa0000 - 0x00007ff894fc6000 	C:\Windows\System32\win32u.dll
0x00007ff895850000 - 0x00007ff895879000 	C:\Windows\System32\GDI32.dll
0x00007ff894fd0000 - 0x00007ff8950e9000 	C:\Windows\System32\gdi32full.dll
0x00007ff894f00000 - 0x00007ff894f9a000 	C:\Windows\System32\msvcp_win.dll
0x00007ff88beb0000 - 0x00007ff88becb000 	C:\Program Files\Java\jdk-17\bin\VCRUNTIME140.dll
0x00007ff881060000 - 0x00007ff8812f3000 	C:\Windows\WinSxS\amd64_microsoft.windows.common-controls_6595b64144ccf1df_6.0.22621.3672_none_2713b9d173822955\COMCTL32.dll
0x00007ff885e30000 - 0x00007ff885e3a000 	C:\Windows\SYSTEM32\VERSION.dll
0x00007ff895980000 - 0x00007ff8959b1000 	C:\Windows\System32\IMM32.DLL
0x00007ff88d8f0000 - 0x00007ff88d8fc000 	C:\Program Files\Java\jdk-17\bin\vcruntime140_1.dll
0x00007ff866c70000 - 0x00007ff866cfe000 	C:\Program Files\Java\jdk-17\bin\msvcp140.dll
0x00007ff8492d0000 - 0x00007ff849eb1000 	C:\Program Files\Java\jdk-17\bin\server\jvm.dll
0x00007ff8973e0000 - 0x00007ff8973e8000 	C:\Windows\System32\PSAPI.DLL
0x00007ff88cd00000 - 0x00007ff88cd09000 	C:\Windows\SYSTEM32\WSOCK32.dll
0x00007ff8963a0000 - 0x00007ff896411000 	C:\Windows\System32\WS2_32.dll
0x00007ff88e530000 - 0x00007ff88e564000 	C:\Windows\SYSTEM32\WINMM.dll
0x00007ff893dd0000 - 0x00007ff893de8000 	C:\Windows\SYSTEM32\kernel.appcore.dll
0x00007ff88bfd0000 - 0x00007ff88bfda000 	C:\Program Files\Java\jdk-17\bin\jimage.dll
0x00007ff8925c0000 - 0x00007ff8927f2000 	C:\Windows\SYSTEM32\DBGHELP.DLL
0x00007ff896e40000 - 0x00007ff8971c8000 	C:\Windows\System32\combase.dll
0x00007ff8974d0000 - 0x00007ff8975a7000 	C:\Windows\System32\OLEAUT32.dll
0x00007ff8767c0000 - 0x00007ff8767f2000 	C:\Windows\SYSTEM32\dbgcore.DLL
0x00007ff8951b0000 - 0x00007ff89522b000 	C:\Windows\System32\bcryptPrimitives.dll
0x00007ff876780000 - 0x00007ff8767a5000 	C:\Program Files\Java\jdk-17\bin\java.dll

dbghelp: loaded successfully - version: 4.0.5 - missing functions: none
symbol engine: initialized successfully - sym options: 0x614 - pdb path: .;C:\Program Files\Java\jdk-17\bin;C:\Windows\SYSTEM32;C:\Windows\WinSxS\amd64_microsoft.windows.common-controls_6595b64144ccf1df_6.0.22621.3672_none_2713b9d173822955;C:\Program Files\Java\jdk-17\bin\server

VM Arguments:
jvm_args: -Dfile.encoding=UTF-8 -Dstdout.encoding=UTF-8 -Dstderr.encoding=UTF-8 -XX:+ShowCodeDetailsInExceptionMessages 
java_command: artOFTesting.SampleWebPage
java_class_path (initial): C:\Users\dell\eclipse-workspace\MavenSelenium\target\test-classes;C:\Users\dell\eclipse-workspace\MavenSelenium\target\classes;C:\Users\dell\.m2\repository\org\seleniumhq\selenium\selenium-java\4.16.1\selenium-java-4.16.1.jar;C:\Users\dell\.m2\repository\org\seleniumhq\selenium\selenium-api\4.16.1\selenium-api-4.16.1.jar;C:\Users\dell\.m2\repository\org\seleniumhq\selenium\selenium-chrome-driver\4.16.1\selenium-chrome-driver-4.16.1.jar;C:\Users\dell\.m2\repository\com\google\auto\service\auto-service-annotations\1.1.1\auto-service-annotations-1.1.1.jar;C:\Users\dell\.m2\repository\org\seleniumhq\selenium\selenium-chromium-driver\4.16.1\selenium-chromium-driver-4.16.1.jar;C:\Users\dell\.m2\repository\org\seleniumhq\selenium\selenium-json\4.16.1\selenium-json-4.16.1.jar;C:\Users\dell\.m2\repository\org\seleniumhq\selenium\selenium-manager\4.16.1\selenium-manager-4.16.1.jar;C:\Users\dell\.m2\repository\org\seleniumhq\selenium\selenium-devtools-v118\4.16.1\selenium-devtools-v118-4.16.1.jar;C:\Users\dell\.m2\repository\org\seleniumhq\selenium\selenium-devtools-v119\4.16.1\selenium-devtools-v119-4.16.1.jar;C:\Users\dell\.m2\repository\org\seleniumhq\selenium\selenium-devtools-v120\4.16.1\selenium-devtools-v120-4.16.1.jar;C:\Users\dell\.m2\repository\org\seleniumhq\selenium\selenium-devtools-v85\4.16.1\selenium-devtools-v85-4.16.1.jar;C:\Users\dell\.m2\repository\org\seleniumhq\selenium\selenium-edge-driver\4.16.1\selenium-edge-driver-4.16.1.jar;C:\Users\dell\.m2\repository\org\seleniumhq\selenium\selenium-firefox-driver\4.16.1\selenium-firefox-driver-4.16.1.jar;C:\Users\dell\.m2\repository\org\seleniumhq\selenium\selenium-http\4.16.1\selenium-http-4.16.1.jar;C:\Users\dell\.m2\repository\dev\failsafe\failsafe\3.3.2\failsafe-3.3.2.jar;C:\Users\dell\.m2\repository\org\seleniumhq\selenium\selenium-ie-driver\4.16.1\selenium-ie-driver-4.16.1.jar;C:\Users\dell\.m2\repository\org\seleniumhq\selenium\selenium-remote-driver\4.16.1\selenium-remote-driver
Launcher Type: SUN_STANDARD

[Global flags]
     intx CICompilerCount                          = 3                                         {product} {ergonomic}
     uint ConcGCThreads                            = 1                                         {product} {ergonomic}
     uint G1ConcRefinementThreads                  = 4                                         {product} {ergonomic}
   size_t G1HeapRegionSize                         = 2097152                                   {product} {ergonomic}
    uintx GCDrainStackTargetSize                   = 64                                        {product} {ergonomic}
   size_t InitialHeapSize                          = 268435456                                 {product} {ergonomic}
   size_t MarkStackSize                            = 4194304                                   {product} {ergonomic}
   size_t MaxHeapSize                              = 4269801472                                {product} {ergonomic}
   size_t MinHeapDeltaBytes                        = 2097152                                   {product} {ergonomic}
   size_t MinHeapSize                              = 8388608                                   {product} {ergonomic}
    uintx NonNMethodCodeHeapSize                   = 5832780                                {pd product} {ergonomic}
    uintx NonProfiledCodeHeapSize                  = 122912730                              {pd product} {ergonomic}
    uintx ProfiledCodeHeapSize                     = 122912730                              {pd product} {ergonomic}
    uintx ReservedCodeCacheSize                    = 251658240                              {pd product} {ergonomic}
     bool SegmentedCodeCache                       = true                                      {product} {ergonomic}
     bool ShowCodeDetailsInExceptionMessages       = true                                   {manageable} {command line}
   size_t SoftMaxHeapSize                          = 4269801472                             {manageable} {ergonomic}
     bool UseCompressedClassPointers               = true                           {product lp64_product} {ergonomic}
     bool UseCompressedOops                        = true                           {product lp64_product} {ergonomic}
     bool UseG1GC                                  = true                                      {product} {ergonomic}
     bool UseLargePagesIndividualAllocation        = false                                  {pd product} {ergonomic}

Logging:
Log output configuration:
 #0: stdout all=warning uptime,level,tags
 #1: stderr all=off uptime,level,tags

Environment Variables:
JAVA_HOME=C:\Program Files\Java\jdk-17
PATH=C:\Program Files\Common Files\Oracle\Java\javapath;D:\oracle\product\10.2.0\db_1\bin;C:\Windows\system32;C:\Windows;C:\Windows\System32\Wbem;C:\Windows\System32\WindowsPowerShell\v1.0\;C:\Windows\System32\OpenSSH\;C:\Program Files\Java\jdk-17\bin;C:\Program Files\Git\cmd;C:\Program Files\Docker\Docker\resources\bin;C:\Users\dell\AppData\Local\Android\Sdk\platform-tools;C:\Users\dell\AppData\Local\Android\Sdk\tools;C:\Users\dell\AppData\Local\Android\Sdk\tools\bin;C:\Users\dell\MAVEN\apache-maven-3.9.6-bin\apache-maven-3.9.6\bin;C:\Program Files\nodejs\;C:\Program Files\MySQL\MySQL Shell 8.0\bin\;C:\Users\dell\AppData\Local\Microsoft\WindowsApps;C:\Users\dell\AppData\Roaming\npm
USERNAME=dell
OS=Windows_NT
PROCESSOR_IDENTIFIER=Intel64 Family 6 Model 78 Stepping 3, GenuineIntel



---------------  S Y S T E M  ---------------

OS:
 Windows 11 , 64 bit Build 22621 (10.0.22621.3672)
OS uptime: 4 days 22:39 hours
Hyper-V role detected

CPU: total 4 (initial active 4) (2 cores per cpu, 2 threads per core) family 6 model 78 stepping 3 microcode 0xec, cx8, cmov, fxsr, ht, mmx, 3dnowpref, sse, sse2, sse3, ssse3, sse4.1, sse4.2, popcnt, lzcnt, tsc, tscinvbit, avx, avx2, aes, erms, clmul, bmi1, bmi2, rtm, adx, fma, vzeroupper, clflush, clflushopt, hv

Memory: 4k page, system-wide physical 16283M (1906M free)
TotalPageFile size 36674M (AvailPageFile size 246M)
current process WorkingSet (physical memory assigned to process): 11M, peak: 11M
current process commit charge ("private bytes"): 52M, peak: 308M

vm_info: Java HotSpot(TM) 64-Bit Server VM (17.0.9+11-LTS-201) for windows-amd64 JRE (17.0.9+11-LTS-201), built on Oct 10 2023 23:16:06 by "mach5one" with MS VC++ 17.1 (VS2022)

END.
